INFO:__main__:=========================================
INFO:__main__:possible board: [['o', ' ', ' '], [' ', 'x', ' '], [' ', ' ', ' ']]
INFO:__main__:possible board: [[' ', 'o', ' '], [' ', 'x', ' '], [' ', ' ', ' ']]
INFO:__main__:possible board: [[' ', ' ', 'o'], [' ', 'x', ' '], [' ', ' ', ' ']]
INFO:__main__:possible board: [[' ', ' ', ' '], ['o', 'x', ' '], [' ', ' ', ' ']]
INFO:__main__:possible board: [[' ', ' ', ' '], [' ', 'x', 'o'], [' ', ' ', ' ']]
INFO:__main__:possible board: [[' ', ' ', ' '], [' ', 'x', ' '], ['o', ' ', ' ']]
INFO:__main__:possible board: [[' ', ' ', ' '], [' ', 'x', ' '], [' ', 'o', ' ']]
INFO:__main__:possible board: [[' ', ' ', ' '], [' ', 'x', ' '], [' ', ' ', 'o']]
INFO:__main__:=========================================
INFO:__main__:=========================================
INFO:__main__:possible board: [['o', 'x', ' '], [' ', 'x', ' '], [' ', ' ', ' ']]
INFO:__main__:possible board: [['o', ' ', 'x'], [' ', 'x', ' '], [' ', ' ', ' ']]
INFO:__main__:possible board: [['o', ' ', ' '], ['x', 'x', ' '], [' ', ' ', ' ']]
INFO:__main__:possible board: [['o', ' ', ' '], [' ', 'x', 'x'], [' ', ' ', ' ']]
INFO:__main__:possible board: [['o', ' ', ' '], [' ', 'x', ' '], ['x', ' ', ' ']]
INFO:__main__:possible board: [['o', ' ', ' '], [' ', 'x', ' '], [' ', 'x', ' ']]
INFO:__main__:possible board: [['o', ' ', ' '], [' ', 'x', ' '], [' ', ' ', 'x']]
INFO:__main__:=========================================
INFO:__main__:=========================================
INFO:__main__:possible board: [['o', 'x', 'o'], [' ', 'x', ' '], [' ', ' ', ' ']]
INFO:__main__:possible board: [['o', 'x', ' '], ['o', 'x', ' '], [' ', ' ', ' ']]
INFO:__main__:possible board: [['o', 'x', ' '], [' ', 'x', 'o'], [' ', ' ', ' ']]
INFO:__main__:possible board: [['o', 'x', ' '], [' ', 'x', ' '], ['o', ' ', ' ']]
INFO:__main__:possible board: [['o', 'x', ' '], [' ', 'x', ' '], [' ', 'o', ' ']]
INFO:__main__:possible board: [['o', 'x', ' '], [' ', 'x', ' '], [' ', ' ', 'o']]
INFO:__main__:=========================================
INFO:__main__:=========================================
INFO:__main__:possible board: [['o', 'x', 'o'], ['x', 'x', ' '], [' ', ' ', ' ']]
INFO:__main__:possible board: [['o', 'x', 'o'], [' ', 'x', 'x'], [' ', ' ', ' ']]
INFO:__main__:possible board: [['o', 'x', 'o'], [' ', 'x', ' '], ['x', ' ', ' ']]
INFO:__main__:possible board: [['o', 'x', 'o'], [' ', 'x', ' '], [' ', 'x', ' ']]
INFO:__main__:possible board: [['o', 'x', 'o'], [' ', 'x', ' '], [' ', ' ', 'x']]
INFO:__main__:=========================================
INFO:__main__:=========================================
INFO:__main__:possible board: [['o', 'x', 'o'], ['x', 'x', 'o'], [' ', ' ', ' ']]
INFO:__main__:possible board: [['o', 'x', 'o'], ['x', 'x', ' '], ['o', ' ', ' ']]
INFO:__main__:possible board: [['o', 'x', 'o'], ['x', 'x', ' '], [' ', 'o', ' ']]
INFO:__main__:possible board: [['o', 'x', 'o'], ['x', 'x', ' '], [' ', ' ', 'o']]
INFO:__main__:=========================================
INFO:__main__:=========================================
INFO:__main__:possible board: [['o', 'x', 'o'], ['x', 'x', 'o'], ['x', ' ', ' ']]
INFO:__main__:possible board: [['o', 'x', 'o'], ['x', 'x', 'o'], [' ', 'x', ' ']]
INFO:__main__:possible board: [['o', 'x', 'o'], ['x', 'x', 'o'], [' ', ' ', 'x']]
INFO:__main__:=========================================
INFO:__main__:=========================================
INFO:__main__:possible board: [['o', 'x', 'o'], ['x', 'x', 'o'], ['x', 'o', ' ']]
INFO:__main__:possible board: [['o', 'x', 'o'], ['x', 'x', 'o'], ['x', ' ', 'o']]
INFO:__main__:=========================================
INFO:__main__:=========================================
INFO:__main__:possible board: [['o', 'x', 'o'], ['x', 'x', 'o'], ['x', 'o', 'x']]
INFO:__main__:=========================================
